<?xml version="1.0" encoding="UTF-8"?>
<robot generator="Robot 4.0.2 (Python 3.8.5 on linux)" generated="20210604 16:35:53.147" rpa="false" schemaversion="2">
<suite id="s1" name="create IK" source="/home/thinkpad/PycharmProjects/Android_Project/Karburan_Portage/create_IK.robot">
<test id="s1-t1" name="Create Frais">
<kw name="Open Application To Login Page" library="create_IK-res" type="SETUP">
<kw name="Open Application" library="AppiumLibrary">
<arg>${REMOTE_URL}</arg>
<arg>platformName=${PLATFORMNAME}</arg>
<arg>deviceName=${DEVICENAME}</arg>
<arg>appPackage=${APPPACKAGE}</arg>
<arg>appActivity=${APPACTIVITY}</arg>
<arg>automationName=${AUTOMATIONNAME}</arg>
<arg>ensureWebviewsHavePages=${ENSUREWEBVIEWSHAVEPAGES}</arg>
<doc>Opens a new application to given Appium server.
Capabilities of appium server, Android and iOS,
Please check https://github.com/appium/appium/blob/master/docs/en/writing-running-appium/server-args.md
| *Option*            | *Man.* | *Description*     |
| remote_url          | Yes    | Appium server url |
| alias               | no     | alias             |</doc>
<status status="PASS" starttime="20210604 16:35:53.352" endtime="20210604 16:36:01.445"/>
</kw>
<status status="PASS" starttime="20210604 16:35:53.352" endtime="20210604 16:36:01.446"/>
</kw>
<kw name="Login User" library="create_IK-res">
<arg>${LOGIN-GIRON}</arg>
<arg>${PASSWORD-GIRON}</arg>
<kw name="Wait Until Page Contains Element" library="AppiumLibrary">
<arg>${LOGIN-EMAIL-FIELD}</arg>
<arg>timeout= 60</arg>
<doc>Waits until element specified with `locator` appears on current page.</doc>
<status status="PASS" starttime="20210604 16:36:01.447" endtime="20210604 16:36:07.726"/>
</kw>
<kw name="Input Text" library="AppiumLibrary">
<arg>${LOGIN-EMAIL-FIELD}</arg>
<arg>${USER1-DETAILS}[email]</arg>
<doc>Types the given `text` into text field identified by `locator`.</doc>
<msg timestamp="20210604 16:36:07.732" level="INFO">Typing text 'leopold.lanne@gadz.org' into text field '//android.widget.EditText[@password="false"]'</msg>
<status status="PASS" starttime="20210604 16:36:07.727" endtime="20210604 16:36:08.056"/>
</kw>
<kw name="Input Text" library="AppiumLibrary">
<arg>${LOGIN-PASSWORD-FIELD}</arg>
<arg>${USER1-DETAILS}[password]</arg>
<doc>Types the given `text` into text field identified by `locator`.</doc>
<msg timestamp="20210604 16:36:08.062" level="INFO">Typing text 'Test123.' into text field '//android.widget.EditText[@password="true"]'</msg>
<status status="PASS" starttime="20210604 16:36:08.057" endtime="20210604 16:36:08.926"/>
</kw>
<kw name="Click Element" library="AppiumLibrary">
<arg>${LOGIN-SIGNIN-BUTTON}</arg>
<doc>Click element identified by `locator`.</doc>
<msg timestamp="20210604 16:36:08.931" level="INFO">Clicking element '//android.widget.Button[@text="JE ME CONNECTE"]'.</msg>
<status status="PASS" starttime="20210604 16:36:08.926" endtime="20210604 16:36:09.707"/>
</kw>
<status status="PASS" starttime="20210604 16:36:01.446" endtime="20210604 16:36:09.708"/>
</kw>
<kw name="Dashboard" library="create_IK-res">
<kw name="Wait Until Element Is Visible" library="AppiumLibrary">
<arg>${BURGER-MENU}</arg>
<doc>Waits until element specified with `locator` is visible.</doc>
<status status="PASS" starttime="20210604 16:36:09.709" endtime="20210604 16:36:14.125"/>
</kw>
<kw name="Swipe" library="AppiumLibrary">
<arg>27</arg>
<arg>1849</arg>
<arg>15</arg>
<arg>73</arg>
<doc>Swipe from one point to another point, for an optional duration.</doc>
<status status="PASS" starttime="20210604 16:36:14.125" endtime="20210604 16:36:15.417"/>
</kw>
<kw name="Sleep" library="BuiltIn">
<arg>5s</arg>
<doc>Pauses the test executed for the given time.</doc>
<msg timestamp="20210604 16:36:20.419" level="INFO">Slept 5 seconds</msg>
<status status="PASS" starttime="20210604 16:36:15.417" endtime="20210604 16:36:20.419"/>
</kw>
<status status="PASS" starttime="20210604 16:36:09.708" endtime="20210604 16:36:20.420"/>
</kw>
<kw name="Depenses Tab" library="create_IK-res">
<kw name="Click Element" library="AppiumLibrary">
<arg>${DEPENSES-TAB}</arg>
<doc>Click element identified by `locator`.</doc>
<msg timestamp="20210604 16:36:20.432" level="INFO">Clicking element '//hierarchy/android.widget.FrameLayout/android.widget.LinearLayout/android.widget.FrameLayout/android.widget.LinearLayout/android.widget.FrameLayout/android.view.ViewGroup/android.webkit.WebView/android.webkit.WebView/android.view.View/android.view.View/android.view.View[3]/android.widget.TabWidget/android.view.View[3]/android.view.View'.</msg>
<status status="PASS" starttime="20210604 16:36:20.421" endtime="20210604 16:36:20.687"/>
</kw>
<kw name="Sleep" library="BuiltIn">
<arg>5s</arg>
<doc>Pauses the test executed for the given time.</doc>
<msg timestamp="20210604 16:36:25.688" level="INFO">Slept 5 seconds</msg>
<status status="PASS" starttime="20210604 16:36:20.687" endtime="20210604 16:36:25.688"/>
</kw>
<status status="PASS" starttime="20210604 16:36:20.420" endtime="20210604 16:36:25.689"/>
</kw>
<kw name="Ajouter Une Depense" library="create_IK-res">
<kw name="Click Element" library="AppiumLibrary">
<arg>${ADD-DEPENSE}</arg>
<doc>Click element identified by `locator`.</doc>
<msg timestamp="20210604 16:36:25.699" level="INFO">Clicking element '//hierarchy/android.widget.FrameLayout/android.widget.LinearLayout/android.widget.FrameLayout/android.widget.LinearLayout/android.widget.FrameLayout/android.view.ViewGroup/android.webkit.WebView/android.webkit.WebView/android.view.View/android.view.View/android.view.View[4]/android.app.Dialog/android.view.View/android.view.View/android.view.View/android.view.View[1]/android.view.View[2]/android.view.View/android.widget.Button'.</msg>
<status status="PASS" starttime="20210604 16:36:25.691" endtime="20210604 16:36:26.013"/>
</kw>
<kw name="Sleep" library="BuiltIn">
<arg>5s</arg>
<doc>Pauses the test executed for the given time.</doc>
<msg timestamp="20210604 16:36:31.016" level="INFO">Slept 5 seconds</msg>
<status status="PASS" starttime="20210604 16:36:26.014" endtime="20210604 16:36:31.016"/>
</kw>
<status status="PASS" starttime="20210604 16:36:25.690" endtime="20210604 16:36:31.017"/>
</kw>
<kw name="Create IK" library="create_IK-res">
<kw name="Wait Until Element Is Visible" library="AppiumLibrary">
<arg>${IK}</arg>
<doc>Waits until element specified with `locator` is visible.</doc>
<status status="PASS" starttime="20210604 16:36:31.018" endtime="20210604 16:36:31.185"/>
</kw>
<kw name="Sleep" library="BuiltIn">
<arg>3s</arg>
<doc>Pauses the test executed for the given time.</doc>
<msg timestamp="20210604 16:36:34.186" level="INFO">Slept 3 seconds</msg>
<status status="PASS" starttime="20210604 16:36:31.185" endtime="20210604 16:36:34.186"/>
</kw>
<kw name="Click Element" library="AppiumLibrary">
<arg>${IK}</arg>
<doc>Click element identified by `locator`.</doc>
<msg timestamp="20210604 16:36:34.195" level="INFO">Clicking element '//hierarchy/android.widget.FrameLayout/android.widget.LinearLayout/android.widget.FrameLayout/android.widget.LinearLayout/android.widget.FrameLayout/android.view.ViewGroup/android.webkit.WebView/android.webkit.WebView/android.view.View/android.view.View/android.view.View[4]/android.app.Dialog/android.view.View/android.view.View/android.view.View/android.view.View[2]/android.view.View/android.view.View[4]/android.view.View[1]'.</msg>
<status status="PASS" starttime="20210604 16:36:34.187" endtime="20210604 16:36:34.370"/>
</kw>
<kw name="Sleep" library="BuiltIn">
<arg>3s</arg>
<doc>Pauses the test executed for the given time.</doc>
<msg timestamp="20210604 16:36:37.371" level="INFO">Slept 3 seconds</msg>
<status status="PASS" starttime="20210604 16:36:34.370" endtime="20210604 16:36:37.371"/>
</kw>
<kw name="Wait Until Element Is Visible" library="AppiumLibrary">
<arg>${TITRE-TRAJET}</arg>
<doc>Waits until element specified with `locator` is visible.</doc>
<status status="PASS" starttime="20210604 16:36:37.372" endtime="20210604 16:36:37.571"/>
</kw>
<kw name="Sleep" library="BuiltIn">
<arg>3s</arg>
<doc>Pauses the test executed for the given time.</doc>
<msg timestamp="20210604 16:36:40.572" level="INFO">Slept 3 seconds</msg>
<status status="PASS" starttime="20210604 16:36:37.571" endtime="20210604 16:36:40.573"/>
</kw>
<kw name="Click Element" library="AppiumLibrary">
<arg>${TITRE-TRAJET}</arg>
<doc>Click element identified by `locator`.</doc>
<msg timestamp="20210604 16:36:40.581" level="INFO">Clicking element '//hierarchy/android.widget.FrameLayout/android.widget.LinearLayout/android.widget.FrameLayout/android.widget.LinearLayout/android.widget.FrameLayout/android.view.ViewGroup/android.webkit.WebView/android.webkit.WebView/android.view.View/android.view.View/android.view.View[4]/android.app.Dialog/android.view.View/android.view.View/android.view.View/android.view.View[2]/android.view.View/android.view.View/android.view.View[3]/android.view.View/android.view.View/android.view.View/android.view.View/android.view.View[2]/android.widget.EditText'.</msg>
<status status="PASS" starttime="20210604 16:36:40.573" endtime="20210604 16:36:40.769"/>
</kw>
<kw name="Sleep" library="BuiltIn">
<arg>3s</arg>
<doc>Pauses the test executed for the given time.</doc>
<msg timestamp="20210604 16:36:43.770" level="INFO">Slept 3 seconds</msg>
<status status="PASS" starttime="20210604 16:36:40.770" endtime="20210604 16:36:43.771"/>
</kw>
<kw name="Input Text" library="AppiumLibrary">
<arg>${TITRE-TRAJET}</arg>
<arg>Elena Test IK</arg>
<doc>Types the given `text` into text field identified by `locator`.</doc>
<msg timestamp="20210604 16:36:43.780" level="INFO">Typing text 'Elena Test IK' into text field '//hierarchy/android.widget.FrameLayout/android.widget.LinearLayout/android.widget.FrameLayout/android.widget.LinearLayout/android.widget.FrameLayout/android.view.ViewGroup/android.webkit.WebView/android.webkit.WebView/android.view.View/android.view.View/android.view.View[4]/android.app.Dialog/android.view.View/android.view.View/android.view.View/android.view.View[2]/android.view.View/android.view.View/android.view.View[3]/android.view.View/android.view.View/android.view.View/android.view.View/android.view.View[2]/android.widget.EditText'</msg>
<status status="PASS" starttime="20210604 16:36:43.771" endtime="20210604 16:36:44.015"/>
</kw>
<kw name="Sleep" library="BuiltIn">
<arg>3s</arg>
<doc>Pauses the test executed for the given time.</doc>
<msg timestamp="20210604 16:36:47.016" level="INFO">Slept 3 seconds</msg>
<status status="PASS" starttime="20210604 16:36:44.015" endtime="20210604 16:36:47.017"/>
</kw>
<kw name="Wait Until Element Is Visible" library="AppiumLibrary">
<arg>${ADD-STEP}</arg>
<doc>Waits until element specified with `locator` is visible.</doc>
<status status="PASS" starttime="20210604 16:36:47.018" endtime="20210604 16:36:47.225"/>
</kw>
<kw name="Sleep" library="BuiltIn">
<arg>3s</arg>
<doc>Pauses the test executed for the given time.</doc>
<msg timestamp="20210604 16:36:50.226" level="INFO">Slept 3 seconds</msg>
<status status="PASS" starttime="20210604 16:36:47.225" endtime="20210604 16:36:50.226"/>
</kw>
<kw name="Click Element" library="AppiumLibrary">
<arg>${ADD-STEP}</arg>
<doc>Click element identified by `locator`.</doc>
<msg timestamp="20210604 16:36:50.229" level="INFO">Clicking element '//hierarchy/android.widget.FrameLayout/android.widget.LinearLayout/android.widget.FrameLayout/android.widget.LinearLayout/android.widget.FrameLayout/android.view.ViewGroup/android.webkit.WebView/android.webkit.WebView/android.view.View/android.view.View/android.view.View[4]/android.app.Dialog/android.view.View/android.view.View/android.view.View/android.view.View[2]/android.view.View/android.view.View/android.view.View[5]/android.view.View/android.view.View/android.view.View/android.view.View/android.widget.Image'.</msg>
<status status="PASS" starttime="20210604 16:36:50.226" endtime="20210604 16:36:50.441"/>
</kw>
<kw name="Sleep" library="BuiltIn">
<arg>3s</arg>
<doc>Pauses the test executed for the given time.</doc>
<msg timestamp="20210604 16:36:53.443" level="INFO">Slept 3 seconds</msg>
<status status="PASS" starttime="20210604 16:36:50.442" endtime="20210604 16:36:53.443"/>
</kw>
<kw name="Wait Until Element Is Visible" library="AppiumLibrary">
<arg>${DEPART}</arg>
<doc>Waits until element specified with `locator` is visible.</doc>
<status status="PASS" starttime="20210604 16:36:53.443" endtime="20210604 16:36:53.611"/>
</kw>
<kw name="Sleep" library="BuiltIn">
<arg>3s</arg>
<doc>Pauses the test executed for the given time.</doc>
<msg timestamp="20210604 16:36:56.612" level="INFO">Slept 3 seconds</msg>
<status status="PASS" starttime="20210604 16:36:53.611" endtime="20210604 16:36:56.612"/>
</kw>
<kw name="Click Element" library="AppiumLibrary">
<arg>${DEPART}</arg>
<doc>Click element identified by `locator`.</doc>
<msg timestamp="20210604 16:36:56.620" level="INFO">Clicking element '//hierarchy/android.widget.FrameLayout/android.widget.LinearLayout/android.widget.FrameLayout/android.widget.LinearLayout/android.widget.FrameLayout/android.view.ViewGroup/android.webkit.WebView/android.webkit.WebView/android.view.View/android.view.View/android.view.View[4]/android.app.Dialog/android.view.View/android.view.View/android.view.View/android.view.View[2]/android.view.View/android.view.View/android.view.View[2]/android.view.View[1]/android.view.View/android.view.View/android.view.View/android.view.View[2]/android.widget.EditText'.</msg>
<status status="PASS" starttime="20210604 16:36:56.612" endtime="20210604 16:36:56.787"/>
</kw>
<kw name="Sleep" library="BuiltIn">
<arg>7s</arg>
<doc>Pauses the test executed for the given time.</doc>
<msg timestamp="20210604 16:37:03.788" level="INFO">Slept 7 seconds</msg>
<status status="PASS" starttime="20210604 16:36:56.787" endtime="20210604 16:37:03.788"/>
</kw>
<kw name="Input Text" library="AppiumLibrary">
<arg>${DEPART}</arg>
<arg>Marseille</arg>
<doc>Types the given `text` into text field identified by `locator`.</doc>
<msg timestamp="20210604 16:37:03.798" level="INFO">Typing text 'Marseille' into text field '//hierarchy/android.widget.FrameLayout/android.widget.LinearLayout/android.widget.FrameLayout/android.widget.LinearLayout/android.widget.FrameLayout/android.view.ViewGroup/android.webkit.WebView/android.webkit.WebView/android.view.View/android.view.View/android.view.View[4]/android.app.Dialog/android.view.View/android.view.View/android.view.View/android.view.View[2]/android.view.View/android.view.View/android.view.View[2]/android.view.View[1]/android.view.View/android.view.View/android.view.View/android.view.View[2]/android.widget.EditText'</msg>
<status status="PASS" starttime="20210604 16:37:03.788" endtime="20210604 16:37:03.974"/>
</kw>
<kw name="Sleep" library="BuiltIn">
<arg>7s</arg>
<doc>Pauses the test executed for the given time.</doc>
<msg timestamp="20210604 16:37:10.974" level="INFO">Slept 7 seconds</msg>
<status status="PASS" starttime="20210604 16:37:03.974" endtime="20210604 16:37:10.975"/>
</kw>
<kw name="Wait Until Element Is Visible" library="AppiumLibrary">
<arg>${MARSEILLE}</arg>
<doc>Waits until element specified with `locator` is visible.</doc>
<status status="PASS" starttime="20210604 16:37:10.976" endtime="20210604 16:37:11.212"/>
</kw>
<kw name="Sleep" library="BuiltIn">
<arg>5s</arg>
<doc>Pauses the test executed for the given time.</doc>
<msg timestamp="20210604 16:37:16.213" level="INFO">Slept 5 seconds</msg>
<status status="PASS" starttime="20210604 16:37:11.212" endtime="20210604 16:37:16.214"/>
</kw>
<kw name="Click Element" library="AppiumLibrary">
<arg>${MARSEILLE}</arg>
<doc>Click element identified by `locator`.</doc>
<msg timestamp="20210604 16:37:16.225" level="INFO">Clicking element '//hierarchy/android.widget.FrameLayout/android.widget.LinearLayout/android.widget.FrameLayout/android.widget.LinearLayout/android.widget.FrameLayout/android.view.ViewGroup/android.webkit.WebView/android.webkit.WebView/android.view.View/android.view.View/android.view.View[4]/android.app.Dialog/android.view.View/android.view.View/android.view.View/android.view.View[2]/android.view.View/android.view.View/android.view.View[2]/android.view.View[3]/android.view.View/android.view.View/android.view.View/android.view.View[2]/android.widget.EditText'.</msg>
<status status="PASS" starttime="20210604 16:37:16.215" endtime="20210604 16:37:16.672"/>
</kw>
<kw name="Sleep" library="BuiltIn">
<arg>5s</arg>
<doc>Pauses the test executed for the given time.</doc>
<msg timestamp="20210604 16:37:21.673" level="INFO">Slept 5 seconds</msg>
<status status="PASS" starttime="20210604 16:37:16.672" endtime="20210604 16:37:21.673"/>
</kw>
<kw name="Wait Until Element Is Visible" library="AppiumLibrary">
<arg>${DESTINATION}</arg>
<doc>Waits until element specified with `locator` is visible.</doc>
<status status="PASS" starttime="20210604 16:37:21.673" endtime="20210604 16:37:21.899"/>
</kw>
<kw name="Sleep" library="BuiltIn">
<arg>5s</arg>
<doc>Pauses the test executed for the given time.</doc>
<msg timestamp="20210604 16:37:26.900" level="INFO">Slept 5 seconds</msg>
<status status="PASS" starttime="20210604 16:37:21.899" endtime="20210604 16:37:26.900"/>
</kw>
<kw name="Click Element" library="AppiumLibrary">
<arg>${DESTINATION}</arg>
<doc>Click element identified by `locator`.</doc>
<msg timestamp="20210604 16:37:26.910" level="INFO">Clicking element '//hierarchy/android.widget.FrameLayout/android.widget.LinearLayout/android.widget.FrameLayout/android.widget.LinearLayout/android.widget.FrameLayout/android.view.ViewGroup/android.webkit.WebView/android.webkit.WebView/android.view.View/android.view.View/android.view.View[4]/android.app.Dialog/android.view.View/android.view.View/android.view.View/android.view.View[2]/android.view.View/android.view.View/android.view.View[2]/android.view.View[2]/android.view.View/android.view.View/android.view.View/android.view.View[2]/android.widget.EditText'.</msg>
<status status="PASS" starttime="20210604 16:37:26.901" endtime="20210604 16:37:27.089"/>
</kw>
<kw name="Sleep" library="BuiltIn">
<arg>7s</arg>
<doc>Pauses the test executed for the given time.</doc>
<msg timestamp="20210604 16:37:34.089" level="INFO">Slept 7 seconds</msg>
<status status="PASS" starttime="20210604 16:37:27.089" endtime="20210604 16:37:34.090"/>
</kw>
<kw name="Input Text" library="AppiumLibrary">
<arg>${DESTINATION}</arg>
<arg>Bordeaux</arg>
<doc>Types the given `text` into text field identified by `locator`.</doc>
<msg timestamp="20210604 16:37:34.099" level="INFO">Typing text 'Bordeaux' into text field '//hierarchy/android.widget.FrameLayout/android.widget.LinearLayout/android.widget.FrameLayout/android.widget.LinearLayout/android.widget.FrameLayout/android.view.ViewGroup/android.webkit.WebView/android.webkit.WebView/android.view.View/android.view.View/android.view.View[4]/android.app.Dialog/android.view.View/android.view.View/android.view.View/android.view.View[2]/android.view.View/android.view.View/android.view.View[2]/android.view.View[2]/android.view.View/android.view.View/android.view.View/android.view.View[2]/android.widget.EditText'</msg>
<status status="PASS" starttime="20210604 16:37:34.090" endtime="20210604 16:37:34.276"/>
</kw>
<kw name="Sleep" library="BuiltIn">
<arg>7s</arg>
<doc>Pauses the test executed for the given time.</doc>
<msg timestamp="20210604 16:37:41.277" level="INFO">Slept 7 seconds</msg>
<status status="PASS" starttime="20210604 16:37:34.276" endtime="20210604 16:37:41.278"/>
</kw>
<kw name="Wait Until Element Is Visible" library="AppiumLibrary">
<arg>${BORDEAUX}</arg>
<doc>Waits until element specified with `locator` is visible.</doc>
<status status="PASS" starttime="20210604 16:37:41.279" endtime="20210604 16:37:41.519"/>
</kw>
<kw name="Sleep" library="BuiltIn">
<arg>5s</arg>
<doc>Pauses the test executed for the given time.</doc>
<msg timestamp="20210604 16:37:46.519" level="INFO">Slept 5 seconds</msg>
<status status="PASS" starttime="20210604 16:37:41.519" endtime="20210604 16:37:46.520"/>
</kw>
<kw name="Click Element" library="AppiumLibrary">
<arg>${BORDEAUX}</arg>
<doc>Click element identified by `locator`.</doc>
<msg timestamp="20210604 16:37:46.530" level="INFO">Clicking element '//hierarchy/android.widget.FrameLayout/android.widget.LinearLayout/android.widget.FrameLayout/android.widget.LinearLayout/android.widget.FrameLayout/android.view.ViewGroup/android.webkit.WebView/android.webkit.WebView/android.view.View/android.view.View/android.view.View[4]/android.app.Dialog/android.view.View/android.view.View/android.view.View/android.view.View[2]/android.view.View/android.view.View/android.view.View[2]/android.view.View[3]/android.view.View[1]/android.view.View/android.view.View[2]/android.view.View[1]/android.view.View/android.view.View/android.view.View'.</msg>
<status status="PASS" starttime="20210604 16:37:46.520" endtime="20210604 16:37:46.941"/>
</kw>
<kw name="Sleep" library="BuiltIn">
<arg>5s</arg>
<doc>Pauses the test executed for the given time.</doc>
<msg timestamp="20210604 16:37:51.942" level="INFO">Slept 5 seconds</msg>
<status status="PASS" starttime="20210604 16:37:46.941" endtime="20210604 16:37:51.942"/>
</kw>
<kw name="Wait Until Element Is Visible" library="AppiumLibrary">
<arg>${DATE}</arg>
<doc>Waits until element specified with `locator` is visible.</doc>
<status status="PASS" starttime="20210604 16:37:51.943" endtime="20210604 16:37:52.140"/>
</kw>
<kw name="Sleep" library="BuiltIn">
<arg>4s</arg>
<doc>Pauses the test executed for the given time.</doc>
<msg timestamp="20210604 16:37:56.141" level="INFO">Slept 4 seconds</msg>
<status status="PASS" starttime="20210604 16:37:52.140" endtime="20210604 16:37:56.141"/>
</kw>
<kw name="Click Element" library="AppiumLibrary">
<arg>${DATE}</arg>
<doc>Click element identified by `locator`.</doc>
<msg timestamp="20210604 16:37:56.150" level="INFO">Clicking element '//hierarchy/android.widget.FrameLayout/android.widget.LinearLayout/android.widget.FrameLayout/android.widget.LinearLayout/android.widget.FrameLayout/android.view.ViewGroup/android.webkit.WebView/android.webkit.WebView/android.view.View/android.view.View/android.view.View[4]/android.app.Dialog/android.view.View/android.view.View/android.view.View/android.view.View[2]/android.view.View/android.view.View/android.view.View[4]/android.view.View[1]/android.view.View'.</msg>
<status status="PASS" starttime="20210604 16:37:56.142" endtime="20210604 16:37:56.325"/>
</kw>
<kw name="Sleep" library="BuiltIn">
<arg>5s</arg>
<doc>Pauses the test executed for the given time.</doc>
<msg timestamp="20210604 16:38:01.326" level="INFO">Slept 5 seconds</msg>
<status status="PASS" starttime="20210604 16:37:56.325" endtime="20210604 16:38:01.327"/>
</kw>
<kw name="Click Element At Coordinates" library="AppiumLibrary">
<arg>683</arg>
<arg>1966</arg>
<doc>click element at a certain coordinate</doc>
<msg timestamp="20210604 16:38:01.337" level="INFO">Pressing at (683, 1966).</msg>
<status status="PASS" starttime="20210604 16:38:01.327" endtime="20210604 16:38:01.538"/>
</kw>
<kw name="Sleep" library="BuiltIn">
<arg>5s</arg>
<doc>Pauses the test executed for the given time.</doc>
<msg timestamp="20210604 16:38:06.540" level="INFO">Slept 5 seconds</msg>
<status status="PASS" starttime="20210604 16:38:01.538" endtime="20210604 16:38:06.540"/>
</kw>
<kw name="Click Element At Coordinates" library="AppiumLibrary">
<arg>1012</arg>
<arg>140</arg>
<doc>click element at a certain coordinate</doc>
<msg timestamp="20210604 16:38:06.548" level="INFO">Pressing at (1012, 140).</msg>
<status status="PASS" starttime="20210604 16:38:06.540" endtime="20210604 16:38:06.725"/>
</kw>
<kw name="Sleep" library="BuiltIn">
<arg>5s</arg>
<doc>Pauses the test executed for the given time.</doc>
<msg timestamp="20210604 16:38:11.726" level="INFO">Slept 5 seconds</msg>
<status status="PASS" starttime="20210604 16:38:06.726" endtime="20210604 16:38:11.727"/>
</kw>
<kw name="Wait Until Element Is Visible" library="AppiumLibrary">
<arg>${MOTIF}</arg>
<doc>Waits until element specified with `locator` is visible.</doc>
<status status="PASS" starttime="20210604 16:38:11.727" endtime="20210604 16:38:11.869"/>
</kw>
<kw name="Sleep" library="BuiltIn">
<arg>3s</arg>
<doc>Pauses the test executed for the given time.</doc>
<msg timestamp="20210604 16:38:14.870" level="INFO">Slept 3 seconds</msg>
<status status="PASS" starttime="20210604 16:38:11.870" endtime="20210604 16:38:14.871"/>
</kw>
<kw name="Click Element" library="AppiumLibrary">
<arg>${MOTIF}</arg>
<doc>Click element identified by `locator`.</doc>
<msg timestamp="20210604 16:38:14.881" level="INFO">Clicking element '//hierarchy/android.widget.FrameLayout/android.widget.LinearLayout/android.widget.FrameLayout/android.widget.LinearLayout/android.widget.FrameLayout/android.view.ViewGroup/android.webkit.WebView/android.webkit.WebView/android.view.View/android.view.View/android.view.View[4]/android.app.Dialog/android.view.View/android.view.View/android.view.View/android.view.View[2]/android.view.View/android.view.View/android.view.View[4]/android.view.View[2]/android.view.View'.</msg>
<status status="PASS" starttime="20210604 16:38:14.872" endtime="20210604 16:38:15.074"/>
</kw>
<kw name="Sleep" library="BuiltIn">
<arg>3s</arg>
<doc>Pauses the test executed for the given time.</doc>
<msg timestamp="20210604 16:38:18.075" level="INFO">Slept 3 seconds</msg>
<status status="PASS" starttime="20210604 16:38:15.074" endtime="20210604 16:38:18.075"/>
</kw>
<kw name="Click Element At Coordinates" library="AppiumLibrary">
<arg>278</arg>
<arg>828</arg>
<doc>click element at a certain coordinate</doc>
<msg timestamp="20210604 16:38:18.084" level="INFO">Pressing at (278, 828).</msg>
<status status="PASS" starttime="20210604 16:38:18.076" endtime="20210604 16:38:18.252"/>
</kw>
<kw name="Sleep" library="BuiltIn">
<arg>3s</arg>
<doc>Pauses the test executed for the given time.</doc>
<msg timestamp="20210604 16:38:21.253" level="INFO">Slept 3 seconds</msg>
<status status="PASS" starttime="20210604 16:38:18.252" endtime="20210604 16:38:21.253"/>
</kw>
<kw name="Click Element At Coordinates" library="AppiumLibrary">
<arg>802</arg>
<arg>1460</arg>
<doc>click element at a certain coordinate</doc>
<msg timestamp="20210604 16:38:21.261" level="INFO">Pressing at (802, 1460).</msg>
<status status="PASS" starttime="20210604 16:38:21.254" endtime="20210604 16:38:21.452"/>
</kw>
<kw name="Sleep" library="BuiltIn">
<arg>3s</arg>
<doc>Pauses the test executed for the given time.</doc>
<msg timestamp="20210604 16:38:24.453" level="INFO">Slept 3 seconds</msg>
<status status="PASS" starttime="20210604 16:38:21.452" endtime="20210604 16:38:24.454"/>
</kw>
<kw name="Swipe" library="AppiumLibrary">
<arg>36</arg>
<arg>1615</arg>
<arg>29</arg>
<arg>823</arg>
<doc>Swipe from one point to another point, for an optional duration.</doc>
<status status="PASS" starttime="20210604 16:38:24.454" endtime="20210604 16:38:25.888"/>
</kw>
<kw name="Sleep" library="BuiltIn">
<arg>2s</arg>
<doc>Pauses the test executed for the given time.</doc>
<msg timestamp="20210604 16:38:27.890" level="INFO">Slept 2 seconds</msg>
<status status="PASS" starttime="20210604 16:38:25.889" endtime="20210604 16:38:27.890"/>
</kw>
<kw name="Wait Until Element Is Visible" library="AppiumLibrary">
<arg>${PERSONNE-RENCONTREE}</arg>
<doc>Waits until element specified with `locator` is visible.</doc>
<status status="PASS" starttime="20210604 16:38:27.891" endtime="20210604 16:38:28.055"/>
</kw>
<kw name="Sleep" library="BuiltIn">
<arg>2s</arg>
<doc>Pauses the test executed for the given time.</doc>
<msg timestamp="20210604 16:38:30.056" level="INFO">Slept 2 seconds</msg>
<status status="PASS" starttime="20210604 16:38:28.055" endtime="20210604 16:38:30.056"/>
</kw>
<kw name="Click Element" library="AppiumLibrary">
<arg>${PERSONNE-RENCONTREE}</arg>
<doc>Click element identified by `locator`.</doc>
<msg timestamp="20210604 16:38:30.059" level="INFO">Clicking element '//hierarchy/android.widget.FrameLayout/android.widget.LinearLayout/android.widget.FrameLayout/android.widget.LinearLayout/android.widget.FrameLayout/android.view.ViewGroup/android.webkit.WebView/android.webkit.WebView/android.view.View/android.view.View/android.view.View[4]/android.app.Dialog/android.view.View/android.view.View/android.view.View/android.view.View[2]/android.view.View/android.view.View/android.view.View[3]/android.view.View[3]/android.view.View/android.view.View/android.view.View/android.view.View[2]/android.widget.EditText'.</msg>
<status status="PASS" starttime="20210604 16:38:30.056" endtime="20210604 16:38:30.227"/>
</kw>
<kw name="Sleep" library="BuiltIn">
<arg>3s</arg>
<doc>Pauses the test executed for the given time.</doc>
<msg timestamp="20210604 16:38:33.228" level="INFO">Slept 3 seconds</msg>
<status status="PASS" starttime="20210604 16:38:30.227" endtime="20210604 16:38:33.228"/>
</kw>
<kw name="Input Text" library="AppiumLibrary">
<arg>${PERSONNE-RENCONTREE}</arg>
<arg>Elena</arg>
<doc>Types the given `text` into text field identified by `locator`.</doc>
<msg timestamp="20210604 16:38:33.240" level="INFO">Typing text 'Elena' into text field '//hierarchy/android.widget.FrameLayout/android.widget.LinearLayout/android.widget.FrameLayout/android.widget.LinearLayout/android.widget.FrameLayout/android.view.ViewGroup/android.webkit.WebView/android.webkit.WebView/android.view.View/android.view.View/android.view.View[4]/android.app.Dialog/android.view.View/android.view.View/android.view.View/android.view.View[2]/android.view.View/android.view.View/android.view.View[3]/android.view.View[3]/android.view.View/android.view.View/android.view.View/android.view.View[2]/android.widget.EditText'</msg>
<status status="PASS" starttime="20210604 16:38:33.229" endtime="20210604 16:38:33.429"/>
</kw>
<kw name="Sleep" library="BuiltIn">
<arg>3s</arg>
<doc>Pauses the test executed for the given time.</doc>
<msg timestamp="20210604 16:38:36.430" level="INFO">Slept 3 seconds</msg>
<status status="PASS" starttime="20210604 16:38:33.430" endtime="20210604 16:38:36.431"/>
</kw>
<kw name="Wait Until Element Is Visible" library="AppiumLibrary">
<arg>${SUBMIT-STEP}</arg>
<doc>Waits until element specified with `locator` is visible.</doc>
<status status="PASS" starttime="20210604 16:38:36.432" endtime="20210604 16:38:36.720"/>
</kw>
<kw name="Sleep" library="BuiltIn">
<arg>2s</arg>
<doc>Pauses the test executed for the given time.</doc>
<msg timestamp="20210604 16:38:38.721" level="INFO">Slept 2 seconds</msg>
<status status="PASS" starttime="20210604 16:38:36.720" endtime="20210604 16:38:38.721"/>
</kw>
<kw name="Click Element" library="AppiumLibrary">
<arg>${SUBMIT-STEP}</arg>
<doc>Click element identified by `locator`.</doc>
<msg timestamp="20210604 16:38:38.732" level="INFO">Clicking element '//hierarchy/android.widget.FrameLayout/android.widget.LinearLayout/android.widget.FrameLayout/android.widget.LinearLayout/android.widget.FrameLayout/android.view.ViewGroup/android.webkit.WebView/android.webkit.WebView/android.view.View/android.view.View/android.view.View[4]/android.app.Dialog/android.view.View/android.view.View/android.view.View/android.view.View[3]/android.view.View/android.widget.Button'.</msg>
<status status="PASS" starttime="20210604 16:38:38.722" endtime="20210604 16:38:38.927"/>
</kw>
<kw name="Sleep" library="BuiltIn">
<arg>3s</arg>
<doc>Pauses the test executed for the given time.</doc>
<msg timestamp="20210604 16:38:41.928" level="INFO">Slept 3 seconds</msg>
<status status="PASS" starttime="20210604 16:38:38.927" endtime="20210604 16:38:41.929"/>
</kw>
<kw name="Wait Until Element Is Visible" library="AppiumLibrary">
<arg>${SUBMIT-IK}</arg>
<doc>Waits until element specified with `locator` is visible.</doc>
<status status="PASS" starttime="20210604 16:38:41.929" endtime="20210604 16:38:42.093"/>
</kw>
<kw name="Sleep" library="BuiltIn">
<arg>2s</arg>
<doc>Pauses the test executed for the given time.</doc>
<msg timestamp="20210604 16:38:44.094" level="INFO">Slept 2 seconds</msg>
<status status="PASS" starttime="20210604 16:38:42.093" endtime="20210604 16:38:44.094"/>
</kw>
<kw name="Click Element" library="AppiumLibrary">
<arg>${SUBMIT-IK}</arg>
<doc>Click element identified by `locator`.</doc>
<msg timestamp="20210604 16:38:44.098" level="INFO">Clicking element '//hierarchy/android.widget.FrameLayout/android.widget.LinearLayout/android.widget.FrameLayout/android.widget.LinearLayout/android.widget.FrameLayout/android.view.ViewGroup/android.webkit.WebView/android.webkit.WebView/android.view.View/android.view.View/android.view.View[4]/android.app.Dialog/android.view.View/android.view.View/android.view.View/android.view.View[3]/android.view.View/android.widget.Button'.</msg>
<status status="PASS" starttime="20210604 16:38:44.094" endtime="20210604 16:38:44.243"/>
</kw>
<kw name="Sleep" library="BuiltIn">
<arg>3s</arg>
<doc>Pauses the test executed for the given time.</doc>
<msg timestamp="20210604 16:38:47.244" level="INFO">Slept 3 seconds</msg>
<status status="PASS" starttime="20210604 16:38:44.243" endtime="20210604 16:38:47.244"/>
</kw>
<status status="PASS" starttime="20210604 16:36:31.017" endtime="20210604 16:38:47.245"/>
</kw>
<status status="PASS" starttime="20210604 16:35:53.351" endtime="20210604 16:38:47.245"/>
</test>
<status status="PASS" starttime="20210604 16:35:53.148" endtime="20210604 16:38:47.247"/>
</suite>
<statistics>
<total>
<stat pass="1" fail="0" skip="0">All Tests</stat>
</total>
<tag>
</tag>
<suite>
<stat pass="1" fail="0" skip="0" id="s1" name="create IK">create IK</stat>
</suite>
</statistics>
<errors>
</errors>
</robot>
